[ 2016-01-21T15:41:20+08:00 ] ::1 /web/index.php/admin
INFO: [ app_init ] --START--
INFO: Run Behavior\BuildLiteBehavior [ RunTime:0.000000s ]
INFO: [ app_init ] --END-- [ RunTime:0.000000s ]
NOTIC: [2] include(./Conf/config.php): failed to open stream: No such file or directory E:\WWW\web\Application\Admin\Conf\config.php 第 15 行.
NOTIC: [2] include(): Failed opening './Conf/config.php' for inclusion (include_path='.;C:\php\pear') E:\WWW\web\Application\Admin\Conf\config.php 第 15 行.
NOTIC: [2] array_merge(): Argument #1 is not an array E:\WWW\web\Application\Admin\Conf\config.php 第 15 行.
INFO: [ app_begin ] --START--
INFO: Run Behavior\ReadHtmlCacheBehavior [ RunTime:0.000000s ]
INFO: [ app_begin ] --END-- [ RunTime:0.000000s ]

[ 2016-01-21T15:41:21+08:00 ] ::1 /web/index.php/Admin/User/index.html
INFO: [ app_init ] --START--
INFO: Run Behavior\BuildLiteBehavior [ RunTime:0.000000s ]
INFO: [ app_init ] --END-- [ RunTime:0.000000s ]
NOTIC: [2] include(./Conf/config.php): failed to open stream: No such file or directory E:\WWW\web\Application\Admin\Conf\config.php 第 15 行.
NOTIC: [2] include(): Failed opening './Conf/config.php' for inclusion (include_path='.;C:\php\pear') E:\WWW\web\Application\Admin\Conf\config.php 第 15 行.
NOTIC: [2] array_merge(): Argument #1 is not an array E:\WWW\web\Application\Admin\Conf\config.php 第 15 行.
INFO: [ app_begin ] --START--
INFO: Run Behavior\ReadHtmlCacheBehavior [ RunTime:0.001000s ]
INFO: [ app_begin ] --END-- [ RunTime:0.001000s ]
INFO: [ view_parse ] --START--
INFO: [ template_filter ] --START--
INFO: Run Behavior\ContentReplaceBehavior [ RunTime:0.005000s ]
INFO: [ template_filter ] --END-- [ RunTime:0.006000s ]
INFO: Run Behavior\ParseTemplateBehavior [ RunTime:0.243014s ]
INFO: [ view_parse ] --END-- [ RunTime:0.243014s ]
INFO: [ view_filter ] --START--
INFO: Run Behavior\WriteHtmlCacheBehavior [ RunTime:0.000000s ]
INFO: [ view_filter ] --END-- [ RunTime:0.000000s ]
INFO: [ app_end ] --START--
INFO: Run Behavior\ShowPageTraceBehavior [ RunTime:0.000000s ]
INFO: [ app_end ] --END-- [ RunTime:0.000000s ]

[ 2016-01-21T15:42:02+08:00 ] 127.0.0.1 /web/index.php/Admin/User/index.html
INFO: [ app_init ] --START--
INFO: Run Behavior\BuildLiteBehavior [ RunTime:0.000000s ]
INFO: [ app_init ] --END-- [ RunTime:0.001000s ]
NOTIC: [2] include(./Conf/config.php): failed to open stream: No such file or directory E:\WWW\web\Application\Admin\Conf\config.php 第 15 行.
NOTIC: [2] include(): Failed opening './Conf/config.php' for inclusion (include_path='.;C:\php\pear') E:\WWW\web\Application\Admin\Conf\config.php 第 15 行.
NOTIC: [2] array_merge(): Argument #1 is not an array E:\WWW\web\Application\Admin\Conf\config.php 第 15 行.
INFO: [ app_begin ] --START--
INFO: Run Behavior\ReadHtmlCacheBehavior [ RunTime:0.001001s ]
INFO: [ app_begin ] --END-- [ RunTime:0.001001s ]
INFO: [ view_parse ] --START--
INFO: [ template_filter ] --START--
INFO: Run Behavior\ContentReplaceBehavior [ RunTime:0.000000s ]
INFO: [ template_filter ] --END-- [ RunTime:0.000000s ]
INFO: Run Behavior\ParseTemplateBehavior [ RunTime:0.011000s ]
INFO: [ view_parse ] --END-- [ RunTime:0.011000s ]
INFO: [ view_filter ] --START--
INFO: Run Behavior\WriteHtmlCacheBehavior [ RunTime:0.000000s ]
INFO: [ view_filter ] --END-- [ RunTime:0.000000s ]
INFO: [ app_end ] --START--
INFO: Run Behavior\ShowPageTraceBehavior [ RunTime:0.001000s ]
INFO: [ app_end ] --END-- [ RunTime:0.001000s ]

[ 2016-01-21T15:42:03+08:00 ] 127.0.0.1 /web/index.php/Admin/User/index.html
INFO: [ app_init ] --START--
INFO: Run Behavior\BuildLiteBehavior [ RunTime:0.000000s ]
INFO: [ app_init ] --END-- [ RunTime:0.000000s ]
NOTIC: [2] include(./Conf/config.php): failed to open stream: No such file or directory E:\WWW\web\Application\Admin\Conf\config.php 第 15 行.
NOTIC: [2] include(): Failed opening './Conf/config.php' for inclusion (include_path='.;C:\php\pear') E:\WWW\web\Application\Admin\Conf\config.php 第 15 行.
NOTIC: [2] array_merge(): Argument #1 is not an array E:\WWW\web\Application\Admin\Conf\config.php 第 15 行.
INFO: [ app_begin ] --START--
INFO: Run Behavior\ReadHtmlCacheBehavior [ RunTime:0.001000s ]
INFO: [ app_begin ] --END-- [ RunTime:0.001000s ]
INFO: [ view_parse ] --START--
INFO: [ template_filter ] --START--
INFO: Run Behavior\ContentReplaceBehavior [ RunTime:0.000000s ]
INFO: [ template_filter ] --END-- [ RunTime:0.000000s ]
INFO: Run Behavior\ParseTemplateBehavior [ RunTime:0.005000s ]
INFO: [ view_parse ] --END-- [ RunTime:0.005000s ]
INFO: [ view_filter ] --START--
INFO: Run Behavior\WriteHtmlCacheBehavior [ RunTime:0.000000s ]
INFO: [ view_filter ] --END-- [ RunTime:0.000000s ]
INFO: [ app_end ] --START--
INFO: Run Behavior\ShowPageTraceBehavior [ RunTime:0.000000s ]
INFO: [ app_end ] --END-- [ RunTime:0.000000s ]

[ 2016-01-21T15:42:04+08:00 ] 127.0.0.1 /web/index.php/Admin/User/index.html
INFO: [ app_init ] --START--
INFO: Run Behavior\BuildLiteBehavior [ RunTime:0.000000s ]
INFO: [ app_init ] --END-- [ RunTime:0.001001s ]
NOTIC: [2] include(./Conf/config.php): failed to open stream: No such file or directory E:\WWW\web\Application\Admin\Conf\config.php 第 15 行.
NOTIC: [2] include(): Failed opening './Conf/config.php' for inclusion (include_path='.;C:\php\pear') E:\WWW\web\Application\Admin\Conf\config.php 第 15 行.
NOTIC: [2] array_merge(): Argument #1 is not an array E:\WWW\web\Application\Admin\Conf\config.php 第 15 行.
INFO: [ app_begin ] --START--
INFO: Run Behavior\ReadHtmlCacheBehavior [ RunTime:0.000000s ]
INFO: [ app_begin ] --END-- [ RunTime:0.000000s ]
INFO: [ view_parse ] --START--
INFO: [ template_filter ] --START--
INFO: Run Behavior\ContentReplaceBehavior [ RunTime:0.000000s ]
INFO: [ template_filter ] --END-- [ RunTime:0.000000s ]
INFO: Run Behavior\ParseTemplateBehavior [ RunTime:0.005000s ]
INFO: [ view_parse ] --END-- [ RunTime:0.005000s ]
INFO: [ view_filter ] --START--
INFO: Run Behavior\WriteHtmlCacheBehavior [ RunTime:0.000000s ]
INFO: [ view_filter ] --END-- [ RunTime:0.000000s ]
INFO: [ app_end ] --START--
INFO: Run Behavior\ShowPageTraceBehavior [ RunTime:0.000000s ]
INFO: [ app_end ] --END-- [ RunTime:0.000000s ]

[ 2016-01-21T15:42:05+08:00 ] 127.0.0.1 /web/index.php/Admin/User/index.html
INFO: [ app_init ] --START--
INFO: Run Behavior\BuildLiteBehavior [ RunTime:0.000000s ]
INFO: [ app_init ] --END-- [ RunTime:0.001000s ]
NOTIC: [2] include(./Conf/config.php): failed to open stream: No such file or directory E:\WWW\web\Application\Admin\Conf\config.php 第 15 行.
NOTIC: [2] include(): Failed opening './Conf/config.php' for inclusion (include_path='.;C:\php\pear') E:\WWW\web\Application\Admin\Conf\config.php 第 15 行.
NOTIC: [2] array_merge(): Argument #1 is not an array E:\WWW\web\Application\Admin\Conf\config.php 第 15 行.
INFO: [ app_begin ] --START--
INFO: Run Behavior\ReadHtmlCacheBehavior [ RunTime:0.001000s ]
INFO: [ app_begin ] --END-- [ RunTime:0.001000s ]
INFO: [ view_parse ] --START--
INFO: [ template_filter ] --START--
INFO: Run Behavior\ContentReplaceBehavior [ RunTime:0.000000s ]
INFO: [ template_filter ] --END-- [ RunTime:0.000000s ]
INFO: Run Behavior\ParseTemplateBehavior [ RunTime:0.011001s ]
INFO: [ view_parse ] --END-- [ RunTime:0.011001s ]
INFO: [ view_filter ] --START--
INFO: Run Behavior\WriteHtmlCacheBehavior [ RunTime:0.000000s ]
INFO: [ view_filter ] --END-- [ RunTime:0.000000s ]
INFO: [ app_end ] --START--
INFO: Run Behavior\ShowPageTraceBehavior [ RunTime:0.000000s ]
INFO: [ app_end ] --END-- [ RunTime:0.001000s ]

[ 2016-01-21T15:42:06+08:00 ] 127.0.0.1 /web/index.php/Admin/User/index.html
INFO: [ app_init ] --START--
INFO: Run Behavior\BuildLiteBehavior [ RunTime:0.000000s ]
INFO: [ app_init ] --END-- [ RunTime:0.000000s ]
NOTIC: [2] include(./Conf/config.php): failed to open stream: No such file or directory E:\WWW\web\Application\Admin\Conf\config.php 第 15 行.
NOTIC: [2] include(): Failed opening './Conf/config.php' for inclusion (include_path='.;C:\php\pear') E:\WWW\web\Application\Admin\Conf\config.php 第 15 行.
NOTIC: [2] array_merge(): Argument #1 is not an array E:\WWW\web\Application\Admin\Conf\config.php 第 15 行.
INFO: [ app_begin ] --START--
INFO: Run Behavior\ReadHtmlCacheBehavior [ RunTime:0.001000s ]
INFO: [ app_begin ] --END-- [ RunTime:0.001000s ]
INFO: [ view_parse ] --START--
INFO: [ template_filter ] --START--
INFO: Run Behavior\ContentReplaceBehavior [ RunTime:0.000000s ]
INFO: [ template_filter ] --END-- [ RunTime:0.000000s ]
INFO: Run Behavior\ParseTemplateBehavior [ RunTime:0.007001s ]
INFO: [ view_parse ] --END-- [ RunTime:0.007001s ]
INFO: [ view_filter ] --START--
INFO: Run Behavior\WriteHtmlCacheBehavior [ RunTime:0.000000s ]
INFO: [ view_filter ] --END-- [ RunTime:0.000000s ]
INFO: [ app_end ] --START--
INFO: Run Behavior\ShowPageTraceBehavior [ RunTime:0.001000s ]
INFO: [ app_end ] --END-- [ RunTime:0.001000s ]

[ 2016-01-21T15:42:17+08:00 ] 127.0.0.1 /web/index.php/Admin/User/login.html
INFO: [ app_init ] --START--
INFO: Run Behavior\BuildLiteBehavior [ RunTime:0.000000s ]
INFO: [ app_init ] --END-- [ RunTime:0.001000s ]
NOTIC: [2] include(./Conf/config.php): failed to open stream: No such file or directory E:\WWW\web\Application\Admin\Conf\config.php 第 15 行.
NOTIC: [2] include(): Failed opening './Conf/config.php' for inclusion (include_path='.;C:\php\pear') E:\WWW\web\Application\Admin\Conf\config.php 第 15 行.
NOTIC: [2] array_merge(): Argument #1 is not an array E:\WWW\web\Application\Admin\Conf\config.php 第 15 行.
INFO: [ app_begin ] --START--
INFO: Run Behavior\ReadHtmlCacheBehavior [ RunTime:0.001000s ]
INFO: [ app_begin ] --END-- [ RunTime:0.001000s ]
SQL: SHOW COLUMNS FROM `web_user` [ RunTime:0.1670s ]
SQL: SELECT * FROM `web_user` LIMIT 1   [ RunTime:0.0000s ]
INFO: [ view_parse ] --START--
INFO: [ template_filter ] --START--
INFO: Run Behavior\ContentReplaceBehavior [ RunTime:0.000000s ]
INFO: [ template_filter ] --END-- [ RunTime:0.000000s ]
INFO: Run Behavior\ParseTemplateBehavior [ RunTime:0.016001s ]
INFO: [ view_parse ] --END-- [ RunTime:0.016001s ]
INFO: [ view_filter ] --START--
INFO: Run Behavior\WriteHtmlCacheBehavior [ RunTime:0.000000s ]
INFO: [ view_filter ] --END-- [ RunTime:0.000000s ]

