[ 2016-01-09T11:59:44+08:00 ] 127.0.0.1 /web/index.php/admin
INFO: [ app_init ] --START--
INFO: Run Behavior\BuildLiteBehavior [ RunTime:0.000000s ]
INFO: [ app_init ] --END-- [ RunTime:0.000000s ]
NOTIC: [2] include(./Conf/config.php): failed to open stream: No such file or directory E:\WWW\web\Application\Admin\Conf\config.php 第 15 行.
NOTIC: [2] include(): Failed opening './Conf/config.php' for inclusion (include_path='.;C:\php\pear') E:\WWW\web\Application\Admin\Conf\config.php 第 15 行.
NOTIC: [2] array_merge(): Argument #1 is not an array E:\WWW\web\Application\Admin\Conf\config.php 第 15 行.
INFO: [ app_begin ] --START--
INFO: Run Behavior\ReadHtmlCacheBehavior [ RunTime:0.000000s ]
INFO: [ app_begin ] --END-- [ RunTime:0.000000s ]

[ 2016-01-09T11:59:44+08:00 ] 127.0.0.1 /web/index.php/Admin/User/index.html
INFO: [ app_init ] --START--
INFO: Run Behavior\BuildLiteBehavior [ RunTime:0.000000s ]
INFO: [ app_init ] --END-- [ RunTime:0.001000s ]
NOTIC: [2] include(./Conf/config.php): failed to open stream: No such file or directory E:\WWW\web\Application\Admin\Conf\config.php 第 15 行.
NOTIC: [2] include(): Failed opening './Conf/config.php' for inclusion (include_path='.;C:\php\pear') E:\WWW\web\Application\Admin\Conf\config.php 第 15 行.
NOTIC: [2] array_merge(): Argument #1 is not an array E:\WWW\web\Application\Admin\Conf\config.php 第 15 行.
INFO: [ app_begin ] --START--
INFO: Run Behavior\ReadHtmlCacheBehavior [ RunTime:0.000000s ]
INFO: [ app_begin ] --END-- [ RunTime:0.000000s ]
ERR: 模板不存在:./Application/Admin/View/User/index.html

[ 2016-01-09T12:00:53+08:00 ] 127.0.0.1 /web/index.php/Admin/User/index.html
INFO: [ app_init ] --START--
INFO: Run Behavior\BuildLiteBehavior [ RunTime:0.000000s ]
INFO: [ app_init ] --END-- [ RunTime:0.000000s ]
NOTIC: [2] include(./Conf/config.php): failed to open stream: No such file or directory E:\WWW\web\Application\Admin\Conf\config.php 第 15 行.
NOTIC: [2] include(): Failed opening './Conf/config.php' for inclusion (include_path='.;C:\php\pear') E:\WWW\web\Application\Admin\Conf\config.php 第 15 行.
NOTIC: [2] array_merge(): Argument #1 is not an array E:\WWW\web\Application\Admin\Conf\config.php 第 15 行.
INFO: [ app_begin ] --START--
INFO: Run Behavior\ReadHtmlCacheBehavior [ RunTime:0.000000s ]
INFO: [ app_begin ] --END-- [ RunTime:0.000000s ]
INFO: [ view_parse ] --START--
INFO: [ template_filter ] --START--
INFO: Run Behavior\ContentReplaceBehavior [ RunTime:0.000000s ]
INFO: [ template_filter ] --END-- [ RunTime:0.000000s ]
INFO: Run Behavior\ParseTemplateBehavior [ RunTime:0.011001s ]
INFO: [ view_parse ] --END-- [ RunTime:0.011001s ]
INFO: [ view_filter ] --START--
INFO: Run Behavior\WriteHtmlCacheBehavior [ RunTime:0.000000s ]
INFO: [ view_filter ] --END-- [ RunTime:0.000000s ]
INFO: [ app_end ] --START--
INFO: Run Behavior\ShowPageTraceBehavior [ RunTime:0.001000s ]
INFO: [ app_end ] --END-- [ RunTime:0.001000s ]

[ 2016-01-09T12:00:58+08:00 ] 127.0.0.1 /web/index.php/Admin/User/checkLogin
INFO: [ app_init ] --START--
INFO: Run Behavior\BuildLiteBehavior [ RunTime:0.000000s ]
INFO: [ app_init ] --END-- [ RunTime:0.000000s ]
NOTIC: [2] include(./Conf/config.php): failed to open stream: No such file or directory E:\WWW\web\Application\Admin\Conf\config.php 第 15 行.
NOTIC: [2] include(): Failed opening './Conf/config.php' for inclusion (include_path='.;C:\php\pear') E:\WWW\web\Application\Admin\Conf\config.php 第 15 行.
NOTIC: [2] array_merge(): Argument #1 is not an array E:\WWW\web\Application\Admin\Conf\config.php 第 15 行.
INFO: [ app_begin ] --START--
INFO: Run Behavior\ReadHtmlCacheBehavior [ RunTime:0.001001s ]
INFO: [ app_begin ] --END-- [ RunTime:0.001001s ]
ERR: 非法操作:checkLogin

[ 2016-01-09T12:01:00+08:00 ] 127.0.0.1 /web/index.php/Admin/User/checkLogin
INFO: [ app_init ] --START--
INFO: Run Behavior\BuildLiteBehavior [ RunTime:0.000000s ]
INFO: [ app_init ] --END-- [ RunTime:0.000000s ]
NOTIC: [2] include(./Conf/config.php): failed to open stream: No such file or directory E:\WWW\web\Application\Admin\Conf\config.php 第 15 行.
NOTIC: [2] include(): Failed opening './Conf/config.php' for inclusion (include_path='.;C:\php\pear') E:\WWW\web\Application\Admin\Conf\config.php 第 15 行.
NOTIC: [2] array_merge(): Argument #1 is not an array E:\WWW\web\Application\Admin\Conf\config.php 第 15 行.
INFO: [ app_begin ] --START--
INFO: Run Behavior\ReadHtmlCacheBehavior [ RunTime:0.000000s ]
INFO: [ app_begin ] --END-- [ RunTime:0.000000s ]
ERR: 非法操作:checkLogin

[ 2016-01-09T12:01:06+08:00 ] 127.0.0.1 /web/index.php/Admin/User/checkLogin
INFO: [ app_init ] --START--
INFO: Run Behavior\BuildLiteBehavior [ RunTime:0.000000s ]
INFO: [ app_init ] --END-- [ RunTime:0.001000s ]
NOTIC: [2] include(./Conf/config.php): failed to open stream: No such file or directory E:\WWW\web\Application\Admin\Conf\config.php 第 15 行.
NOTIC: [2] include(): Failed opening './Conf/config.php' for inclusion (include_path='.;C:\php\pear') E:\WWW\web\Application\Admin\Conf\config.php 第 15 行.
NOTIC: [2] array_merge(): Argument #1 is not an array E:\WWW\web\Application\Admin\Conf\config.php 第 15 行.
INFO: [ app_begin ] --START--
INFO: Run Behavior\ReadHtmlCacheBehavior [ RunTime:0.000000s ]
INFO: [ app_begin ] --END-- [ RunTime:0.000000s ]
ERR: 非法操作:checkLogin

[ 2016-01-09T12:01:07+08:00 ] 127.0.0.1 /web/index.php/Admin/User/checkLogin
INFO: [ app_init ] --START--
INFO: Run Behavior\BuildLiteBehavior [ RunTime:0.000000s ]
INFO: [ app_init ] --END-- [ RunTime:0.000000s ]
NOTIC: [2] include(./Conf/config.php): failed to open stream: No such file or directory E:\WWW\web\Application\Admin\Conf\config.php 第 15 行.
NOTIC: [2] include(): Failed opening './Conf/config.php' for inclusion (include_path='.;C:\php\pear') E:\WWW\web\Application\Admin\Conf\config.php 第 15 行.
NOTIC: [2] array_merge(): Argument #1 is not an array E:\WWW\web\Application\Admin\Conf\config.php 第 15 行.
INFO: [ app_begin ] --START--
INFO: Run Behavior\ReadHtmlCacheBehavior [ RunTime:0.000000s ]
INFO: [ app_begin ] --END-- [ RunTime:0.000000s ]
ERR: 非法操作:checkLogin

[ 2016-01-09T12:02:52+08:00 ] 127.0.0.1 /web/index.php/Admin/User/index.html
INFO: [ app_init ] --START--
INFO: Run Behavior\BuildLiteBehavior [ RunTime:0.000000s ]
INFO: [ app_init ] --END-- [ RunTime:0.000000s ]
NOTIC: [2] include(./Conf/config.php): failed to open stream: No such file or directory E:\WWW\web\Application\Admin\Conf\config.php 第 15 行.
NOTIC: [2] include(): Failed opening './Conf/config.php' for inclusion (include_path='.;C:\php\pear') E:\WWW\web\Application\Admin\Conf\config.php 第 15 行.
NOTIC: [2] array_merge(): Argument #1 is not an array E:\WWW\web\Application\Admin\Conf\config.php 第 15 行.
INFO: [ app_begin ] --START--
INFO: Run Behavior\ReadHtmlCacheBehavior [ RunTime:0.001001s ]
INFO: [ app_begin ] --END-- [ RunTime:0.001001s ]
INFO: [ view_parse ] --START--
INFO: [ template_filter ] --START--
INFO: Run Behavior\ContentReplaceBehavior [ RunTime:0.000000s ]
INFO: [ template_filter ] --END-- [ RunTime:0.000000s ]
INFO: Run Behavior\ParseTemplateBehavior [ RunTime:0.004000s ]
INFO: [ view_parse ] --END-- [ RunTime:0.004000s ]
INFO: [ view_filter ] --START--
INFO: Run Behavior\WriteHtmlCacheBehavior [ RunTime:0.000000s ]
INFO: [ view_filter ] --END-- [ RunTime:0.000000s ]
INFO: [ app_end ] --START--
INFO: Run Behavior\ShowPageTraceBehavior [ RunTime:0.000000s ]
INFO: [ app_end ] --END-- [ RunTime:0.001000s ]

[ 2016-01-09T12:03:04+08:00 ] 127.0.0.1 /web/index.php/Admin/User/index.html
INFO: [ app_init ] --START--
INFO: Run Behavior\BuildLiteBehavior [ RunTime:0.000000s ]
INFO: [ app_init ] --END-- [ RunTime:0.000000s ]
NOTIC: [2] include(./Conf/config.php): failed to open stream: No such file or directory E:\WWW\web\Application\Admin\Conf\config.php 第 15 行.
NOTIC: [2] include(): Failed opening './Conf/config.php' for inclusion (include_path='.;C:\php\pear') E:\WWW\web\Application\Admin\Conf\config.php 第 15 行.
NOTIC: [2] array_merge(): Argument #1 is not an array E:\WWW\web\Application\Admin\Conf\config.php 第 15 行.
INFO: [ app_begin ] --START--
INFO: Run Behavior\ReadHtmlCacheBehavior [ RunTime:0.000000s ]
INFO: [ app_begin ] --END-- [ RunTime:0.000000s ]
INFO: [ view_parse ] --START--
INFO: [ template_filter ] --START--
INFO: Run Behavior\ContentReplaceBehavior [ RunTime:0.000000s ]
INFO: [ template_filter ] --END-- [ RunTime:0.000000s ]
INFO: Run Behavior\ParseTemplateBehavior [ RunTime:0.004000s ]
INFO: [ view_parse ] --END-- [ RunTime:0.004000s ]
INFO: [ view_filter ] --START--
INFO: Run Behavior\WriteHtmlCacheBehavior [ RunTime:0.000000s ]
INFO: [ view_filter ] --END-- [ RunTime:0.000000s ]
INFO: [ app_end ] --START--
INFO: Run Behavior\ShowPageTraceBehavior [ RunTime:0.000000s ]
INFO: [ app_end ] --END-- [ RunTime:0.000000s ]

[ 2016-01-09T12:03:14+08:00 ] 127.0.0.1 /web/index.php/Admin/User/login.html
INFO: [ app_init ] --START--
INFO: Run Behavior\BuildLiteBehavior [ RunTime:0.000000s ]
INFO: [ app_init ] --END-- [ RunTime:0.001000s ]
NOTIC: [2] include(./Conf/config.php): failed to open stream: No such file or directory E:\WWW\web\Application\Admin\Conf\config.php 第 15 行.
NOTIC: [2] include(): Failed opening './Conf/config.php' for inclusion (include_path='.;C:\php\pear') E:\WWW\web\Application\Admin\Conf\config.php 第 15 行.
NOTIC: [2] array_merge(): Argument #1 is not an array E:\WWW\web\Application\Admin\Conf\config.php 第 15 行.
INFO: [ app_begin ] --START--
INFO: Run Behavior\ReadHtmlCacheBehavior [ RunTime:0.001001s ]
INFO: [ app_begin ] --END-- [ RunTime:0.001001s ]

[ 2016-01-09T12:03:45+08:00 ] 127.0.0.1 /web/index.php/Admin/User/login.html
INFO: [ app_init ] --START--
INFO: Run Behavior\BuildLiteBehavior [ RunTime:0.000000s ]
INFO: [ app_init ] --END-- [ RunTime:0.000000s ]
NOTIC: [2] include(./Conf/config.php): failed to open stream: No such file or directory E:\WWW\web\Application\Admin\Conf\config.php 第 15 行.
NOTIC: [2] include(): Failed opening './Conf/config.php' for inclusion (include_path='.;C:\php\pear') E:\WWW\web\Application\Admin\Conf\config.php 第 15 行.
NOTIC: [2] array_merge(): Argument #1 is not an array E:\WWW\web\Application\Admin\Conf\config.php 第 15 行.
INFO: [ app_begin ] --START--
INFO: Run Behavior\ReadHtmlCacheBehavior [ RunTime:0.000000s ]
INFO: [ app_begin ] --END-- [ RunTime:0.000000s ]

[ 2016-01-09T14:18:02+08:00 ] 127.0.0.1 /web/index.php/Admin/User/login.html
INFO: [ app_init ] --START--
INFO: Run Behavior\BuildLiteBehavior [ RunTime:0.000000s ]
INFO: [ app_init ] --END-- [ RunTime:0.001000s ]
NOTIC: [2] include(./Conf/config.php): failed to open stream: No such file or directory E:\WWW\web\Application\Admin\Conf\config.php 第 15 行.
NOTIC: [2] include(): Failed opening './Conf/config.php' for inclusion (include_path='.;C:\php\pear') E:\WWW\web\Application\Admin\Conf\config.php 第 15 行.
NOTIC: [2] array_merge(): Argument #1 is not an array E:\WWW\web\Application\Admin\Conf\config.php 第 15 行.
INFO: [ app_begin ] --START--
INFO: Run Behavior\ReadHtmlCacheBehavior [ RunTime:0.001000s ]
INFO: [ app_begin ] --END-- [ RunTime:0.001000s ]

[ 2016-01-09T14:18:32+08:00 ] 127.0.0.1 /web/index.php/Admin/User/login.html
INFO: [ app_init ] --START--
INFO: Run Behavior\BuildLiteBehavior [ RunTime:0.000000s ]
INFO: [ app_init ] --END-- [ RunTime:0.000000s ]
NOTIC: [2] include(./Conf/config.php): failed to open stream: No such file or directory E:\WWW\web\Application\Admin\Conf\config.php 第 15 行.
NOTIC: [2] include(): Failed opening './Conf/config.php' for inclusion (include_path='.;C:\php\pear') E:\WWW\web\Application\Admin\Conf\config.php 第 15 行.
NOTIC: [2] array_merge(): Argument #1 is not an array E:\WWW\web\Application\Admin\Conf\config.php 第 15 行.
INFO: [ app_begin ] --START--
INFO: Run Behavior\ReadHtmlCacheBehavior [ RunTime:0.000000s ]
INFO: [ app_begin ] --END-- [ RunTime:0.000000s ]

[ 2016-01-09T14:18:35+08:00 ] 127.0.0.1 /web/index.php/Admin/User/login.html
INFO: [ app_init ] --START--
INFO: Run Behavior\BuildLiteBehavior [ RunTime:0.000000s ]
INFO: [ app_init ] --END-- [ RunTime:0.000000s ]
NOTIC: [2] include(./Conf/config.php): failed to open stream: No such file or directory E:\WWW\web\Application\Admin\Conf\config.php 第 15 行.
NOTIC: [2] include(): Failed opening './Conf/config.php' for inclusion (include_path='.;C:\php\pear') E:\WWW\web\Application\Admin\Conf\config.php 第 15 行.
NOTIC: [2] array_merge(): Argument #1 is not an array E:\WWW\web\Application\Admin\Conf\config.php 第 15 行.
INFO: [ app_begin ] --START--
INFO: Run Behavior\ReadHtmlCacheBehavior [ RunTime:0.000000s ]
INFO: [ app_begin ] --END-- [ RunTime:0.000000s ]

[ 2016-01-09T14:18:37+08:00 ] 127.0.0.1 /web/index.php/Admin/User/login.html
INFO: [ app_init ] --START--
INFO: Run Behavior\BuildLiteBehavior [ RunTime:0.000000s ]
INFO: [ app_init ] --END-- [ RunTime:0.000000s ]
NOTIC: [2] include(./Conf/config.php): failed to open stream: No such file or directory E:\WWW\web\Application\Admin\Conf\config.php 第 15 行.
NOTIC: [2] include(): Failed opening './Conf/config.php' for inclusion (include_path='.;C:\php\pear') E:\WWW\web\Application\Admin\Conf\config.php 第 15 行.
NOTIC: [2] array_merge(): Argument #1 is not an array E:\WWW\web\Application\Admin\Conf\config.php 第 15 行.
INFO: [ app_begin ] --START--
INFO: Run Behavior\ReadHtmlCacheBehavior [ RunTime:0.000000s ]
INFO: [ app_begin ] --END-- [ RunTime:0.000000s ]

[ 2016-01-09T14:18:45+08:00 ] 127.0.0.1 /web/index.php/Admin/User/login.html
INFO: [ app_init ] --START--
INFO: Run Behavior\BuildLiteBehavior [ RunTime:0.000000s ]
INFO: [ app_init ] --END-- [ RunTime:0.000000s ]
NOTIC: [2] include(./Conf/config.php): failed to open stream: No such file or directory E:\WWW\web\Application\Admin\Conf\config.php 第 15 行.
NOTIC: [2] include(): Failed opening './Conf/config.php' for inclusion (include_path='.;C:\php\pear') E:\WWW\web\Application\Admin\Conf\config.php 第 15 行.
NOTIC: [2] array_merge(): Argument #1 is not an array E:\WWW\web\Application\Admin\Conf\config.php 第 15 行.
INFO: [ app_begin ] --START--
INFO: Run Behavior\ReadHtmlCacheBehavior [ RunTime:0.001000s ]
INFO: [ app_begin ] --END-- [ RunTime:0.001000s ]

[ 2016-01-09T14:21:30+08:00 ] 127.0.0.1 /web/index.php/Admin/User/login.html
INFO: [ app_init ] --START--
INFO: Run Behavior\BuildLiteBehavior [ RunTime:0.000000s ]
INFO: [ app_init ] --END-- [ RunTime:0.000000s ]
NOTIC: [2] include(./Conf/config.php): failed to open stream: No such file or directory E:\WWW\web\Application\Admin\Conf\config.php 第 15 行.
NOTIC: [2] include(): Failed opening './Conf/config.php' for inclusion (include_path='.;C:\php\pear') E:\WWW\web\Application\Admin\Conf\config.php 第 15 行.
NOTIC: [2] array_merge(): Argument #1 is not an array E:\WWW\web\Application\Admin\Conf\config.php 第 15 行.
INFO: [ app_begin ] --START--
INFO: Run Behavior\ReadHtmlCacheBehavior [ RunTime:0.001000s ]
INFO: [ app_begin ] --END-- [ RunTime:0.001000s ]

[ 2016-01-09T14:21:40+08:00 ] 127.0.0.1 /web/index.php/Admin/User/login.html
INFO: [ app_init ] --START--
INFO: Run Behavior\BuildLiteBehavior [ RunTime:0.000000s ]
INFO: [ app_init ] --END-- [ RunTime:0.000000s ]
NOTIC: [2] include(./Conf/config.php): failed to open stream: No such file or directory E:\WWW\web\Application\Admin\Conf\config.php 第 15 行.
NOTIC: [2] include(): Failed opening './Conf/config.php' for inclusion (include_path='.;C:\php\pear') E:\WWW\web\Application\Admin\Conf\config.php 第 15 行.
NOTIC: [2] array_merge(): Argument #1 is not an array E:\WWW\web\Application\Admin\Conf\config.php 第 15 行.
INFO: [ app_begin ] --START--
INFO: Run Behavior\ReadHtmlCacheBehavior [ RunTime:0.000000s ]
INFO: [ app_begin ] --END-- [ RunTime:0.000000s ]

[ 2016-01-09T14:21:54+08:00 ] 127.0.0.1 /web/index.php/Admin/User/login.html
INFO: [ app_init ] --START--
INFO: Run Behavior\BuildLiteBehavior [ RunTime:0.001000s ]
INFO: [ app_init ] --END-- [ RunTime:0.001000s ]
NOTIC: [2] include(./Conf/config.php): failed to open stream: No such file or directory E:\WWW\web\Application\Admin\Conf\config.php 第 15 行.
NOTIC: [2] include(): Failed opening './Conf/config.php' for inclusion (include_path='.;C:\php\pear') E:\WWW\web\Application\Admin\Conf\config.php 第 15 行.
NOTIC: [2] array_merge(): Argument #1 is not an array E:\WWW\web\Application\Admin\Conf\config.php 第 15 行.
INFO: [ app_begin ] --START--
INFO: Run Behavior\ReadHtmlCacheBehavior [ RunTime:0.001000s ]
INFO: [ app_begin ] --END-- [ RunTime:0.001000s ]

[ 2016-01-09T14:22:05+08:00 ] 127.0.0.1 /web/index.php/Admin/User/login.html
INFO: [ app_init ] --START--
INFO: Run Behavior\BuildLiteBehavior [ RunTime:0.000000s ]
INFO: [ app_init ] --END-- [ RunTime:0.000000s ]
NOTIC: [2] include(./Conf/config.php): failed to open stream: No such file or directory E:\WWW\web\Application\Admin\Conf\config.php 第 15 行.
NOTIC: [2] include(): Failed opening './Conf/config.php' for inclusion (include_path='.;C:\php\pear') E:\WWW\web\Application\Admin\Conf\config.php 第 15 行.
NOTIC: [2] array_merge(): Argument #1 is not an array E:\WWW\web\Application\Admin\Conf\config.php 第 15 行.
INFO: [ app_begin ] --START--
INFO: Run Behavior\ReadHtmlCacheBehavior [ RunTime:0.000000s ]
INFO: [ app_begin ] --END-- [ RunTime:0.000000s ]

[ 2016-01-09T14:23:45+08:00 ] 127.0.0.1 /web/index.php/Admin/User/login.html
INFO: [ app_init ] --START--
INFO: Run Behavior\BuildLiteBehavior [ RunTime:0.000000s ]
INFO: [ app_init ] --END-- [ RunTime:0.000000s ]
NOTIC: [2] include(./Conf/config.php): failed to open stream: No such file or directory E:\WWW\web\Application\Admin\Conf\config.php 第 15 行.
NOTIC: [2] include(): Failed opening './Conf/config.php' for inclusion (include_path='.;C:\php\pear') E:\WWW\web\Application\Admin\Conf\config.php 第 15 行.
NOTIC: [2] array_merge(): Argument #1 is not an array E:\WWW\web\Application\Admin\Conf\config.php 第 15 行.
INFO: [ app_begin ] --START--
INFO: Run Behavior\ReadHtmlCacheBehavior [ RunTime:0.000000s ]
INFO: [ app_begin ] --END-- [ RunTime:0.000000s ]
NOTIC: [8] Undefined property: User\Api\UserApi::$model E:\WWW\web\Application\User\Api\UserApi.class.php 第 15 行.

[ 2016-01-09T14:24:44+08:00 ] 127.0.0.1 /web/index.php/Admin/User/login.html
INFO: [ app_init ] --START--
INFO: Run Behavior\BuildLiteBehavior [ RunTime:0.000000s ]
INFO: [ app_init ] --END-- [ RunTime:0.000000s ]
NOTIC: [2] include(./Conf/config.php): failed to open stream: No such file or directory E:\WWW\web\Application\Admin\Conf\config.php 第 15 行.
NOTIC: [2] include(): Failed opening './Conf/config.php' for inclusion (include_path='.;C:\php\pear') E:\WWW\web\Application\Admin\Conf\config.php 第 15 行.
NOTIC: [2] array_merge(): Argument #1 is not an array E:\WWW\web\Application\Admin\Conf\config.php 第 15 行.
INFO: [ app_begin ] --START--
INFO: Run Behavior\ReadHtmlCacheBehavior [ RunTime:0.000000s ]
INFO: [ app_begin ] --END-- [ RunTime:0.000000s ]
ERR: 模板不存在:./Application/Admin/View/Public/dispatch_jump.html

